0 info it worked if it ends with ok
1 verbose cli [ '/Users/ntekriwal/.nvm/versions/node/v6.10.1/bin/node',
1 verbose cli   '/Users/ntekriwal/.nvm/versions/node/v6.10.1/bin/npm',
1 verbose cli   'start' ]
2 info using npm@3.10.10
3 info using node@v6.10.1
4 verbose run-script [ 'prestart', 'start', 'poststart' ]
5 info lifecycle mean-stack@1.0.0~prestart: mean-stack@1.0.0
6 silly lifecycle mean-stack@1.0.0~prestart: no script for prestart, continuing
7 info lifecycle mean-stack@1.0.0~start: mean-stack@1.0.0
8 verbose lifecycle mean-stack@1.0.0~start: unsafe-perm in lifecycle true
9 verbose lifecycle mean-stack@1.0.0~start: PATH: /Users/ntekriwal/.nvm/versions/node/v6.10.1/lib/node_modules/npm/bin/node-gyp-bin:/Users/ntekriwal/Desktop/MEAN Stack/node_modules/.bin:/Users/ntekriwal/anaconda3/bin:/Users/ntekriwal/.nvm/versions/node/v6.10.1/bin:/opt/local/bin:/opt/local/sbin:/usr/local/php5/bin:/usr/local/bin:/usr/bin:/bin:/usr/sbin:/sbin:/Library/Frameworks/Mono.framework/Versions/Current/Commands
10 verbose lifecycle mean-stack@1.0.0~start: CWD: /Users/ntekriwal/Desktop/MEAN Stack
11 silly lifecycle mean-stack@1.0.0~start: Args: [ '-c', 'node app.js' ]
12 silly lifecycle mean-stack@1.0.0~start: Returned: code: 1  signal: null
13 info lifecycle mean-stack@1.0.0~start: Failed to exec start script
14 verbose stack Error: mean-stack@1.0.0 start: `node app.js`
14 verbose stack Exit status 1
14 verbose stack     at EventEmitter.<anonymous> (/Users/ntekriwal/.nvm/versions/node/v6.10.1/lib/node_modules/npm/lib/utils/lifecycle.js:255:16)
14 verbose stack     at emitTwo (events.js:106:13)
14 verbose stack     at EventEmitter.emit (events.js:191:7)
14 verbose stack     at ChildProcess.<anonymous> (/Users/ntekriwal/.nvm/versions/node/v6.10.1/lib/node_modules/npm/lib/utils/spawn.js:40:14)
14 verbose stack     at emitTwo (events.js:106:13)
14 verbose stack     at ChildProcess.emit (events.js:191:7)
14 verbose stack     at maybeClose (internal/child_process.js:886:16)
14 verbose stack     at Process.ChildProcess._handle.onexit (internal/child_process.js:226:5)
15 verbose pkgid mean-stack@1.0.0
16 verbose cwd /Users/ntekriwal/Desktop/MEAN Stack
17 error Darwin 17.7.0
18 error argv "/Users/ntekriwal/.nvm/versions/node/v6.10.1/bin/node" "/Users/ntekriwal/.nvm/versions/node/v6.10.1/bin/npm" "start"
19 error node v6.10.1
20 error npm  v3.10.10
21 error code ELIFECYCLE
22 error mean-stack@1.0.0 start: `node app.js`
22 error Exit status 1
23 error Failed at the mean-stack@1.0.0 start script 'node app.js'.
23 error Make sure you have the latest version of node.js and npm installed.
23 error If you do, this is most likely a problem with the mean-stack package,
23 error not with npm itself.
23 error Tell the author that this fails on your system:
23 error     node app.js
23 error You can get information on how to open an issue for this project with:
23 error     npm bugs mean-stack
23 error Or if that isn't available, you can get their info via:
23 error     npm owner ls mean-stack
23 error There is likely additional logging output above.
24 verbose exit [ 1, true ]
